# JRE version: Java(TM) SE Runtime Environment (8.0_241-b07) (build 1.8.0_241-b07)
# Java VM: Java HotSpot(TM) 64-Bit Server VM (25.241-b07 mixed mode windows-amd64 compressed oops)
Heap:
 PSYoungGen      total 161792K, used 19651K [0x00000000d5d80000, 0x00000000e3d00000, 0x0000000100000000)
  eden space 150016K, 7% used [0x00000000d5d80000,0x00000000d6861fd0,0x00000000df000000)
  from space 11776K, 72% used [0x00000000e3180000,0x00000000e39cecb8,0x00000000e3d00000)
  to   space 9728K, 0% used [0x00000000df000000,0x00000000df000000,0x00000000df980000)
 ParOldGen       total 69632K, used 21175K [0x0000000081800000, 0x0000000085c00000, 0x00000000d5d80000)
  object space 69632K, 30% used [0x0000000081800000,0x0000000082cadef8,0x0000000085c00000)
 Metaspace       used 51492K, capacity 53916K, committed 54144K, reserved 1095680K
  class space    used 7053K, capacity 7475K, committed 7552K, reserved 1048576K
GC Heap History (10 events):
Event: 20.780 GC heap before
{Heap before GC invocations=10 (full 1):
 PSYoungGen      total 114688K, used 114358K [0x00000000d5d80000, 0x00000000dd900000, 0x0000000100000000)
  eden space 109056K, 100% used [0x00000000d5d80000,0x00000000dc800000,0x00000000dc800000)
  from space 5632K, 94% used [0x00000000dd380000,0x00000000dd8adbf8,0x00000000dd900000)
  to   space 8192K, 0% used [0x00000000dc900000,0x00000000dc900000,0x00000000dd100000)
 ParOldGen       total 48128K, used 5529K [0x0000000081800000, 0x0000000084700000, 0x00000000d5d80000)
  object space 48128K, 11% used [0x0000000081800000,0x0000000081d66408,0x0000000084700000)
 Metaspace       used 29886K, capacity 31230K, committed 31360K, reserved 1077248K
  class space    used 3879K, capacity 4164K, committed 4224K, reserved 1048576K
Event: 20.792 GC heap after
Heap after GC invocations=10 (full 1):
 PSYoungGen      total 118272K, used 8166K [0x00000000d5d80000, 0x00000000e0480000, 0x0000000100000000)
  eden space 110080K, 0% used [0x00000000d5d80000,0x00000000d5d80000,0x00000000dc900000)
  from space 8192K, 99% used [0x00000000dc900000,0x00000000dd0f9b50,0x00000000dd100000)
  to   space 9216K, 0% used [0x00000000dfb80000,0x00000000dfb80000,0x00000000e0480000)
 ParOldGen       total 48128K, used 5704K [0x0000000081800000, 0x0000000084700000, 0x00000000d5d80000)
  object space 48128K, 11% used [0x0000000081800000,0x0000000081d923f8,0x0000000084700000)
 Metaspace       used 29886K, capacity 31230K, committed 31360K, reserved 1077248K
  class space    used 3879K, capacity 4164K, committed 4224K, reserved 1048576K
}
Event: 23.439 GC heap before
{Heap before GC invocations=11 (full 1):
 PSYoungGen      total 118272K, used 93219K [0x00000000d5d80000, 0x00000000e0480000, 0x0000000100000000)
  eden space 110080K, 77% used [0x00000000d5d80000,0x00000000db08f0e8,0x00000000dc900000)
  from space 8192K, 99% used [0x00000000dc900000,0x00000000dd0f9b50,0x00000000dd100000)
  to   space 9216K, 0% used [0x00000000dfb80000,0x00000000dfb80000,0x00000000e0480000)
 ParOldGen       total 48128K, used 5704K [0x0000000081800000, 0x0000000084700000, 0x00000000d5d80000)
  object space 48128K, 11% used [0x0000000081800000,0x0000000081d923f8,0x0000000084700000)
 Metaspace       used 34057K, capacity 35414K, committed 35496K, reserved 1079296K
  class space    used 4530K, capacity 4838K, committed 4864K, reserved 1048576K
Event: 23.449 GC heap after
Heap after GC invocations=11 (full 1):
 PSYoungGen      total 157696K, used 7387K [0x00000000d5d80000, 0x00000000e0300000, 0x0000000100000000)
  eden space 150016K, 0% used [0x00000000d5d80000,0x00000000d5d80000,0x00000000df000000)
  from space 7680K, 96% used [0x00000000dfb80000,0x00000000e02b6cc8,0x00000000e0300000)
  to   space 9728K, 0% used [0x00000000df000000,0x00000000df000000,0x00000000df980000)
 ParOldGen       total 48128K, used 7236K [0x0000000081800000, 0x0000000084700000, 0x00000000d5d80000)
  object space 48128K, 15% used [0x0000000081800000,0x0000000081f11250,0x0000000084700000)
 Metaspace       used 34057K, capacity 35414K, committed 35496K, reserved 1079296K
  class space    used 4530K, capacity 4838K, committed 4864K, reserved 1048576K
}
Event: 23.450 GC heap before
{Heap before GC invocations=12 (full 2):
 PSYoungGen      total 157696K, used 7387K [0x00000000d5d80000, 0x00000000e0300000, 0x0000000100000000)
  eden space 150016K, 0% used [0x00000000d5d80000,0x00000000d5d80000,0x00000000df000000)
  from space 7680K, 96% used [0x00000000dfb80000,0x00000000e02b6cc8,0x00000000e0300000)
  to   space 9728K, 0% used [0x00000000df000000,0x00000000df000000,0x00000000df980000)
 ParOldGen       total 48128K, used 7236K [0x0000000081800000, 0x0000000084700000, 0x00000000d5d80000)
  object space 48128K, 15% used [0x0000000081800000,0x0000000081f11250,0x0000000084700000)
 Metaspace       used 34057K, capacity 35414K, committed 35496K, reserved 1079296K
  class space    used 4530K, capacity 4838K, committed 4864K, reserved 1048576K
Event: 23.552 GC heap after
Heap after GC invocations=12 (full 2):
 PSYoungGen      total 157696K, used 0K [0x00000000d5d80000, 0x00000000e0300000, 0x0000000100000000)
  eden space 150016K, 0% used [0x00000000d5d80000,0x00000000d5d80000,0x00000000df000000)
  from space 7680K, 0% used [0x00000000dfb80000,0x00000000dfb80000,0x00000000e0300000)
  to   space 9728K, 0% used [0x00000000df000000,0x00000000df000000,0x00000000df980000)
 ParOldGen       total 69632K, used 13337K [0x0000000081800000, 0x0000000085c00000, 0x00000000d5d80000)
  object space 69632K, 19% used [0x0000000081800000,0x00000000825064b0,0x0000000085c00000)
 Metaspace       used 34057K, capacity 35414K, committed 35496K, reserved 1079296K
  class space    used 4530K, capacity 4838K, committed 4864K, reserved 1048576K
}
Event: 31.165 GC heap before
{Heap before GC invocations=13 (full 2):
 PSYoungGen      total 157696K, used 150016K [0x00000000d5d80000, 0x00000000e0300000, 0x0000000100000000)
  eden space 150016K, 100% used [0x00000000d5d80000,0x00000000df000000,0x00000000df000000)
  from space 7680K, 0% used [0x00000000dfb80000,0x00000000dfb80000,0x00000000e0300000)
  to   space 9728K, 0% used [0x00000000df000000,0x00000000df000000,0x00000000df980000)
 ParOldGen       total 69632K, used 13337K [0x0000000081800000, 0x0000000085c00000, 0x00000000d5d80000)
  object space 69632K, 19% used [0x0000000081800000,0x00000000825064b0,0x0000000085c00000)
 Metaspace       used 43597K, capacity 45136K, committed 45440K, reserved 1089536K
  class space    used 5835K, capacity 6153K, committed 6272K, reserved 1048576K
Event: 31.194 GC heap after
Heap after GC invocations=13 (full 2):
 PSYoungGen      total 159744K, used 9716K [0x00000000d5d80000, 0x00000000e3d00000, 0x0000000100000000)
  eden space 150016K, 0% used [0x00000000d5d80000,0x00000000d5d80000,0x00000000df000000)
  from space 9728K, 99% used [0x00000000df000000,0x00000000df97d050,0x00000000df980000)
  to   space 11776K, 0% used [0x00000000e3180000,0x00000000e3180000,0x00000000e3d00000)
 ParOldGen       total 69632K, used 15709K [0x0000000081800000, 0x0000000085c00000, 0x00000000d5d80000)
  object space 69632K, 22% used [0x0000000081800000,0x0000000082757480,0x0000000085c00000)
 Metaspace       used 43597K, capacity 45136K, committed 45440K, reserved 1089536K
  class space    used 5835K, capacity 6153K, committed 6272K, reserved 1048576K
}
Event: 36.278 GC heap before
{Heap before GC invocations=14 (full 2):
 PSYoungGen      total 159744K, used 159732K [0x00000000d5d80000, 0x00000000e3d00000, 0x0000000100000000)
  eden space 150016K, 100% used [0x00000000d5d80000,0x00000000df000000,0x00000000df000000)
  from space 9728K, 99% used [0x00000000df000000,0x00000000df97d050,0x00000000df980000)
  to   space 11776K, 0% used [0x00000000e3180000,0x00000000e3180000,0x00000000e3d00000)
 ParOldGen       total 69632K, used 15709K [0x0000000081800000, 0x0000000085c00000, 0x00000000d5d80000)
  object space 69632K, 22% used [0x0000000081800000,0x0000000082757480,0x0000000085c00000)
 Metaspace       used 51198K, capacity 53248K, committed 53504K, reserved 1095680K
  class space    used 6981K, capacity 7375K, committed 7424K, reserved 1048576K
Event: 36.435 GC heap after
Heap after GC invocations=14 (full 2):
 PSYoungGen      total 161792K, used 8507K [0x00000000d5d80000, 0x00000000e3d00000, 0x0000000100000000)
  eden space 150016K, 0% used [0x00000000d5d80000,0x00000000d5d80000,0x00000000df000000)
  from space 11776K, 72% used [0x00000000e3180000,0x00000000e39cecb8,0x00000000e3d00000)
  to   space 9728K, 0% used [0x00000000df000000,0x00000000df000000,0x00000000df980000)
 ParOldGen       total 69632K, used 21175K [0x0000000081800000, 0x0000000085c00000, 0x00000000d5d80000)
  object space 69632K, 30% used [0x0000000081800000,0x0000000082cadef8,0x0000000085c00000)
 Metaspace       used 51198K, capacity 53248K, committed 53504K, reserved 1095680K
  class space    used 6981K, capacity 7375K, committed 7424K, reserved 1048576K
}

